0 info it worked if it ends with ok
1 verbose cli [ '/usr/local/bin/node',
1 verbose cli   '/usr/local/bin/npm',
1 verbose cli   'start',
1 verbose cli   '--',
1 verbose cli   '--reset-cache' ]
2 info using npm@3.10.10
3 info using node@v6.11.2
4 verbose run-script [ 'prestart', 'start', 'poststart' ]
5 info lifecycle huajiao@6.0.0~prestart: huajiao@6.0.0
6 silly lifecycle huajiao@6.0.0~prestart: no script for prestart, continuing
7 info lifecycle huajiao@6.0.0~start: huajiao@6.0.0
8 verbose lifecycle huajiao@6.0.0~start: unsafe-perm in lifecycle true
9 verbose lifecycle huajiao@6.0.0~start: PATH: /usr/local/lib/node_modules/npm/bin/node-gyp-bin:/Users/lijia/Documents/Project/RN/huajiao/node_modules/.bin:/opt/local/bin:/opt/local/sbin:/Users/lijia/Documents/Project/cocos2d-x-3.12/templates:/Users/lijia/Documents/Project:/Users/lijia/Documents/Project/cocos2d-x-3.12/tools/cocos2d-console/bin:/Users/lijia/Documents/bin/android-ndk-r9b:/usr/local/bin:/usr/bin:/bin:/usr/sbin:/sbin:/Applications/Server.app/Contents/ServerRoot/usr/bin:/Applications/Server.app/Contents/ServerRoot/usr/sbin
10 verbose lifecycle huajiao@6.0.0~start: CWD: /Users/lijia/Documents/Project/RN/huajiao
11 silly lifecycle huajiao@6.0.0~start: Args: [ '-c',
11 silly lifecycle   'node node_modules/react-native/local-cli/cli.js start "--reset-cache"' ]
12 silly lifecycle huajiao@6.0.0~start: Returned: code: 11  signal: null
13 info lifecycle huajiao@6.0.0~start: Failed to exec start script
14 verbose stack Error: huajiao@6.0.0 start: `node node_modules/react-native/local-cli/cli.js start "--reset-cache"`
14 verbose stack Exit status 11
14 verbose stack     at EventEmitter.<anonymous> (/usr/local/lib/node_modules/npm/lib/utils/lifecycle.js:255:16)
14 verbose stack     at emitTwo (events.js:106:13)
14 verbose stack     at EventEmitter.emit (events.js:191:7)
14 verbose stack     at ChildProcess.<anonymous> (/usr/local/lib/node_modules/npm/lib/utils/spawn.js:40:14)
14 verbose stack     at emitTwo (events.js:106:13)
14 verbose stack     at ChildProcess.emit (events.js:191:7)
14 verbose stack     at maybeClose (internal/child_process.js:891:16)
14 verbose stack     at Process.ChildProcess._handle.onexit (internal/child_process.js:226:5)
15 verbose pkgid huajiao@6.0.0
16 verbose cwd /Users/lijia/Documents/Project/RN/huajiao/script
17 error Darwin 16.7.0
18 error argv "/usr/local/bin/node" "/usr/local/bin/npm" "start" "--" "--reset-cache"
19 error node v6.11.2
20 error npm  v3.10.10
21 error code ELIFECYCLE
22 error huajiao@6.0.0 start: `node node_modules/react-native/local-cli/cli.js start "--reset-cache"`
22 error Exit status 11
23 error Failed at the huajiao@6.0.0 start script 'node node_modules/react-native/local-cli/cli.js start "--reset-cache"'.
23 error Make sure you have the latest version of node.js and npm installed.
23 error If you do, this is most likely a problem with the huajiao package,
23 error not with npm itself.
23 error Tell the author that this fails on your system:
23 error     node node_modules/react-native/local-cli/cli.js start "--reset-cache"
23 error You can get information on how to open an issue for this project with:
23 error     npm bugs huajiao
23 error Or if that isn't available, you can get their info via:
23 error     npm owner ls huajiao
23 error There is likely additional logging output above.
24 verbose exit [ 1, true ]
